[INFO] Scanning for projects...
[INFO]                                                                         
[INFO] ------------------------------------------------------------------------
[INFO] Building messagebrokenperftest 1.0.0-SNAPSHOT
[INFO] ------------------------------------------------------------------------
[INFO] 
[INFO] --- exec-maven-plugin:1.5.0:java (default-cli) @ messagebrokenperftest ---
[ons.datadiscovery.broker.perf.Producer.main()] INFO org.apache.kafka.clients.producer.ProducerConfig - ProducerConfig values: 
	acks = 1
	batch.size = 16384
	block.on.buffer.full = false
	bootstrap.servers = [127.0.0.1:9092]
	buffer.memory = 33554432
	client.id = 
	compression.type = none
	connections.max.idle.ms = 540000
	interceptor.classes = null
	key.serializer = class org.apache.kafka.common.serialization.StringSerializer
	linger.ms = 0
	max.block.ms = 60000
	max.in.flight.requests.per.connection = 5
	max.request.size = 1048576
	metadata.fetch.timeout.ms = 60000
	metadata.max.age.ms = 300000
	metric.reporters = []
	metrics.num.samples = 2
	metrics.sample.window.ms = 30000
	partitioner.class = class org.apache.kafka.clients.producer.internals.DefaultPartitioner
	receive.buffer.bytes = 32768
	reconnect.backoff.ms = 50
	request.timeout.ms = 30000
	retries = 0
	retry.backoff.ms = 100
	sasl.kerberos.kinit.cmd = /usr/bin/kinit
	sasl.kerberos.min.time.before.relogin = 60000
	sasl.kerberos.service.name = null
	sasl.kerberos.ticket.renew.jitter = 0.05
	sasl.kerberos.ticket.renew.window.factor = 0.8
	sasl.mechanism = GSSAPI
	security.protocol = PLAINTEXT
	send.buffer.bytes = 131072
	ssl.cipher.suites = null
	ssl.enabled.protocols = [TLSv1.2, TLSv1.1, TLSv1]
	ssl.endpoint.identification.algorithm = null
	ssl.key.password = null
	ssl.keymanager.algorithm = SunX509
	ssl.keystore.location = null
	ssl.keystore.password = null
	ssl.keystore.type = JKS
	ssl.protocol = TLS
	ssl.provider = null
	ssl.secure.random.implementation = null
	ssl.trustmanager.algorithm = PKIX
	ssl.truststore.location = null
	ssl.truststore.password = null
	ssl.truststore.type = JKS
	timeout.ms = 30000
	value.serializer = class org.apache.kafka.common.serialization.StringSerializer

[ons.datadiscovery.broker.perf.Producer.main()] INFO org.apache.kafka.clients.producer.ProducerConfig - ProducerConfig values: 
	acks = 1
	batch.size = 16384
	block.on.buffer.full = false
	bootstrap.servers = [127.0.0.1:9092]
	buffer.memory = 33554432
	client.id = producer-1
	compression.type = none
	connections.max.idle.ms = 540000
	interceptor.classes = null
	key.serializer = class org.apache.kafka.common.serialization.StringSerializer
	linger.ms = 0
	max.block.ms = 60000
	max.in.flight.requests.per.connection = 5
	max.request.size = 1048576
	metadata.fetch.timeout.ms = 60000
	metadata.max.age.ms = 300000
	metric.reporters = []
	metrics.num.samples = 2
	metrics.sample.window.ms = 30000
	partitioner.class = class org.apache.kafka.clients.producer.internals.DefaultPartitioner
	receive.buffer.bytes = 32768
	reconnect.backoff.ms = 50
	request.timeout.ms = 30000
	retries = 0
	retry.backoff.ms = 100
	sasl.kerberos.kinit.cmd = /usr/bin/kinit
	sasl.kerberos.min.time.before.relogin = 60000
	sasl.kerberos.service.name = null
	sasl.kerberos.ticket.renew.jitter = 0.05
	sasl.kerberos.ticket.renew.window.factor = 0.8
	sasl.mechanism = GSSAPI
	security.protocol = PLAINTEXT
	send.buffer.bytes = 131072
	ssl.cipher.suites = null
	ssl.enabled.protocols = [TLSv1.2, TLSv1.1, TLSv1]
	ssl.endpoint.identification.algorithm = null
	ssl.key.password = null
	ssl.keymanager.algorithm = SunX509
	ssl.keystore.location = null
	ssl.keystore.password = null
	ssl.keystore.type = JKS
	ssl.protocol = TLS
	ssl.provider = null
	ssl.secure.random.implementation = null
	ssl.trustmanager.algorithm = PKIX
	ssl.truststore.location = null
	ssl.truststore.password = null
	ssl.truststore.type = JKS
	timeout.ms = 30000
	value.serializer = class org.apache.kafka.common.serialization.StringSerializer

[ons.datadiscovery.broker.perf.Producer.main()] WARN org.apache.kafka.clients.producer.ProducerConfig - The configuration 'key.deserializer' was supplied but isn't a known config.
[ons.datadiscovery.broker.perf.Producer.main()] WARN org.apache.kafka.clients.producer.ProducerConfig - The configuration 'value.deserializer' was supplied but isn't a known config.
[ons.datadiscovery.broker.perf.Producer.main()] WARN org.apache.kafka.clients.producer.ProducerConfig - The configuration 'group.id' was supplied but isn't a known config.
[ons.datadiscovery.broker.perf.Producer.main()] INFO org.apache.kafka.common.utils.AppInfoParser - Kafka version : 0.10.1.0
[ons.datadiscovery.broker.perf.Producer.main()] INFO org.apache.kafka.common.utils.AppInfoParser - Kafka commitId : 3402a74efb23d1d4
[ons.datadiscovery.broker.perf.Producer.main()] INFO org.apache.kafka.clients.consumer.ConsumerConfig - ConsumerConfig values: 
	auto.commit.interval.ms = 5000
	auto.offset.reset = latest
	bootstrap.servers = [127.0.0.1:9092]
	check.crcs = true
	client.id = 
	connections.max.idle.ms = 540000
	enable.auto.commit = true
	exclude.internal.topics = true
	fetch.max.bytes = 52428800
	fetch.max.wait.ms = 500
	fetch.min.bytes = 1
	group.id = 51135f11-46bd-4f4f-b302-4a72f4f1b946
	heartbeat.interval.ms = 3000
	interceptor.classes = null
	key.deserializer = class org.apache.kafka.common.serialization.StringDeserializer
	max.partition.fetch.bytes = 1048576
	max.poll.interval.ms = 300000
	max.poll.records = 500
	metadata.max.age.ms = 300000
	metric.reporters = []
	metrics.num.samples = 2
	metrics.sample.window.ms = 30000
	partition.assignment.strategy = [class org.apache.kafka.clients.consumer.RangeAssignor]
	receive.buffer.bytes = 65536
	reconnect.backoff.ms = 50
	request.timeout.ms = 305000
	retry.backoff.ms = 100
	sasl.kerberos.kinit.cmd = /usr/bin/kinit
	sasl.kerberos.min.time.before.relogin = 60000
	sasl.kerberos.service.name = null
	sasl.kerberos.ticket.renew.jitter = 0.05
	sasl.kerberos.ticket.renew.window.factor = 0.8
	sasl.mechanism = GSSAPI
	security.protocol = PLAINTEXT
	send.buffer.bytes = 131072
	session.timeout.ms = 10000
	ssl.cipher.suites = null
	ssl.enabled.protocols = [TLSv1.2, TLSv1.1, TLSv1]
	ssl.endpoint.identification.algorithm = null
	ssl.key.password = null
	ssl.keymanager.algorithm = SunX509
	ssl.keystore.location = null
	ssl.keystore.password = null
	ssl.keystore.type = JKS
	ssl.protocol = TLS
	ssl.provider = null
	ssl.secure.random.implementation = null
	ssl.trustmanager.algorithm = PKIX
	ssl.truststore.location = null
	ssl.truststore.password = null
	ssl.truststore.type = JKS
	value.deserializer = class org.apache.kafka.common.serialization.StringDeserializer

[ons.datadiscovery.broker.perf.Producer.main()] INFO org.apache.kafka.clients.consumer.ConsumerConfig - ConsumerConfig values: 
	auto.commit.interval.ms = 5000
	auto.offset.reset = latest
	bootstrap.servers = [127.0.0.1:9092]
	check.crcs = true
	client.id = consumer-1
	connections.max.idle.ms = 540000
	enable.auto.commit = true
	exclude.internal.topics = true
	fetch.max.bytes = 52428800
	fetch.max.wait.ms = 500
	fetch.min.bytes = 1
	group.id = 51135f11-46bd-4f4f-b302-4a72f4f1b946
	heartbeat.interval.ms = 3000
	interceptor.classes = null
	key.deserializer = class org.apache.kafka.common.serialization.StringDeserializer
	max.partition.fetch.bytes = 1048576
	max.poll.interval.ms = 300000
	max.poll.records = 500
	metadata.max.age.ms = 300000
	metric.reporters = []
	metrics.num.samples = 2
	metrics.sample.window.ms = 30000
	partition.assignment.strategy = [class org.apache.kafka.clients.consumer.RangeAssignor]
	receive.buffer.bytes = 65536
	reconnect.backoff.ms = 50
	request.timeout.ms = 305000
	retry.backoff.ms = 100
	sasl.kerberos.kinit.cmd = /usr/bin/kinit
	sasl.kerberos.min.time.before.relogin = 60000
	sasl.kerberos.service.name = null
	sasl.kerberos.ticket.renew.jitter = 0.05
	sasl.kerberos.ticket.renew.window.factor = 0.8
	sasl.mechanism = GSSAPI
	security.protocol = PLAINTEXT
	send.buffer.bytes = 131072
	session.timeout.ms = 10000
	ssl.cipher.suites = null
	ssl.enabled.protocols = [TLSv1.2, TLSv1.1, TLSv1]
	ssl.endpoint.identification.algorithm = null
	ssl.key.password = null
	ssl.keymanager.algorithm = SunX509
	ssl.keystore.location = null
	ssl.keystore.password = null
	ssl.keystore.type = JKS
	ssl.protocol = TLS
	ssl.provider = null
	ssl.secure.random.implementation = null
	ssl.trustmanager.algorithm = PKIX
	ssl.truststore.location = null
	ssl.truststore.password = null
	ssl.truststore.type = JKS
	value.deserializer = class org.apache.kafka.common.serialization.StringDeserializer

[ons.datadiscovery.broker.perf.Producer.main()] WARN org.apache.kafka.clients.consumer.ConsumerConfig - The configuration 'value.serializer' was supplied but isn't a known config.
[ons.datadiscovery.broker.perf.Producer.main()] WARN org.apache.kafka.clients.consumer.ConsumerConfig - The configuration 'key.serializer' was supplied but isn't a known config.
[ons.datadiscovery.broker.perf.Producer.main()] INFO org.apache.kafka.common.utils.AppInfoParser - Kafka version : 0.10.1.0
[ons.datadiscovery.broker.perf.Producer.main()] INFO org.apache.kafka.common.utils.AppInfoParser - Kafka commitId : 3402a74efb23d1d4
Sent 100000 messages of 544 bytes in 7678ms
Total MiB sent: 51.88
[ons.datadiscovery.broker.perf.Producer.main()] INFO org.apache.kafka.clients.producer.KafkaProducer - Closing the Kafka producer with timeoutMillis = 9223372036854775807 ms.
[INFO] ------------------------------------------------------------------------
[INFO] BUILD SUCCESS
[INFO] ------------------------------------------------------------------------
[INFO] Total time: 10.620 s
[INFO] Finished at: 2016-12-02T16:41:45+00:00
[INFO] Final Memory: 11M/223M
[INFO] ------------------------------------------------------------------------
